06-jun-2011 9:00:43 org.apache.catalina.core.ApplicationContext log
INFO: ContextListener: contextInitialized()
06-jun-2011 9:00:43 org.apache.catalina.core.ApplicationContext log
INFO: SessionListener: contextInitialized()
06-jun-2011 9:01:07 org.apache.catalina.session.StandardSession writeObject
ADVERTENCIA: No puedo serializar atributo de sesiï¿?n IdiomasDisponibles para sesiï¿?n F56BDF2C0EC65278D7543CB886ACCB8E
java.io.NotSerializableException: ieci.tecdoc.sgm.core.services.idioma.Idioma
	at java.io.ObjectOutputStream.writeObject0(ObjectOutputStream.java:1081)
	at java.io.ObjectOutputStream.writeObject(ObjectOutputStream.java:302)
	at java.util.ArrayList.writeObject(ArrayList.java:569)
	at sun.reflect.NativeMethodAccessorImpl.invoke0(Native Method)
	at sun.reflect.NativeMethodAccessorImpl.invoke(NativeMethodAccessorImpl.java:39)
	at sun.reflect.DelegatingMethodAccessorImpl.invoke(DelegatingMethodAccessorImpl.java:25)
	at java.lang.reflect.Method.invoke(Method.java:585)
	at java.io.ObjectStreamClass.invokeWriteObject(ObjectStreamClass.java:917)
	at java.io.ObjectOutputStream.writeSerialData(ObjectOutputStream.java:1339)
	at java.io.ObjectOutputStream.writeOrdinaryObject(ObjectOutputStream.java:1290)
	at java.io.ObjectOutputStream.writeObject0(ObjectOutputStream.java:1079)
	at java.io.ObjectOutputStream.writeObject(ObjectOutputStream.java:302)
	at org.apache.catalina.session.StandardSession.writeObject(StandardSession.java:1517)
	at org.apache.catalina.session.StandardSession.writeObjectData(StandardSession.java:959)
	at org.apache.catalina.session.StandardManager.doUnload(StandardManager.java:517)
	at org.apache.catalina.session.StandardManager.unload(StandardManager.java:463)
	at org.apache.catalina.session.StandardManager.stop(StandardManager.java:667)
	at org.apache.catalina.core.StandardContext.stop(StandardContext.java:4519)
	at org.apache.catalina.core.StandardContext.reload(StandardContext.java:3093)
	at org.apache.catalina.loader.WebappLoader.backgroundProcess(WebappLoader.java:404)
	at org.apache.catalina.core.ContainerBase.backgroundProcess(ContainerBase.java:1309)
	at org.apache.catalina.core.ContainerBase$ContainerBackgroundProcessor.processChildren(ContainerBase.java:1601)
	at org.apache.catalina.core.ContainerBase$ContainerBackgroundProcessor.processChildren(ContainerBase.java:1610)
	at org.apache.catalina.core.ContainerBase$ContainerBackgroundProcessor.processChildren(ContainerBase.java:1610)
	at org.apache.catalina.core.ContainerBase$ContainerBackgroundProcessor.run(ContainerBase.java:1590)
	at java.lang.Thread.run(Thread.java:595)
06-jun-2011 9:04:30 org.apache.catalina.core.ApplicationContext log
INFO: SessionListener: contextDestroyed()
06-jun-2011 9:04:30 org.apache.catalina.core.ApplicationContext log
INFO: ContextListener: contextDestroyed()
06-jun-2011 9:04:37 org.apache.catalina.session.StandardSession writeObject
ADVERTENCIA: No puedo serializar atributo de sesiï¿?n IdiomasDisponibles para sesiï¿?n 4293A7948DC9C476EA1A5ADB511B77DE
java.io.NotSerializableException: ieci.tecdoc.sgm.core.services.idioma.Idioma
	at java.io.ObjectOutputStream.writeObject0(ObjectOutputStream.java:1081)
	at java.io.ObjectOutputStream.writeObject(ObjectOutputStream.java:302)
	at java.util.ArrayList.writeObject(ArrayList.java:569)
	at sun.reflect.NativeMethodAccessorImpl.invoke0(Native Method)
	at sun.reflect.NativeMethodAccessorImpl.invoke(NativeMethodAccessorImpl.java:39)
	at sun.reflect.DelegatingMethodAccessorImpl.invoke(DelegatingMethodAccessorImpl.java:25)
	at java.lang.reflect.Method.invoke(Method.java:585)
	at java.io.ObjectStreamClass.invokeWriteObject(ObjectStreamClass.java:917)
	at java.io.ObjectOutputStream.writeSerialData(ObjectOutputStream.java:1339)
	at java.io.ObjectOutputStream.writeOrdinaryObject(ObjectOutputStream.java:1290)
	at java.io.ObjectOutputStream.writeObject0(ObjectOutputStream.java:1079)
	at java.io.ObjectOutputStream.writeObject(ObjectOutputStream.java:302)
	at org.apache.catalina.session.StandardSession.writeObject(StandardSession.java:1517)
	at org.apache.catalina.session.StandardSession.writeObjectData(StandardSession.java:959)
	at org.apache.catalina.session.StandardManager.doUnload(StandardManager.java:517)
	at org.apache.catalina.session.StandardManager.unload(StandardManager.java:463)
	at org.apache.catalina.session.StandardManager.stop(StandardManager.java:667)
	at org.apache.catalina.core.StandardContext.stop(StandardContext.java:4519)
	at org.apache.catalina.core.ContainerBase.stop(ContainerBase.java:1098)
	at org.apache.catalina.core.ContainerBase.stop(ContainerBase.java:1098)
	at org.apache.catalina.core.StandardEngine.stop(StandardEngine.java:448)
	at org.apache.catalina.core.StandardService.stop(StandardService.java:584)
	at org.apache.catalina.core.StandardServer.stop(StandardServer.java:744)
	at org.apache.catalina.startup.Catalina.stop(Catalina.java:628)
	at org.apache.catalina.startup.Catalina.start(Catalina.java:603)
	at sun.reflect.NativeMethodAccessorImpl.invoke0(Native Method)
	at sun.reflect.NativeMethodAccessorImpl.invoke(NativeMethodAccessorImpl.java:39)
	at sun.reflect.DelegatingMethodAccessorImpl.invoke(DelegatingMethodAccessorImpl.java:25)
	at java.lang.reflect.Method.invoke(Method.java:585)
	at org.apache.catalina.startup.Bootstrap.start(Bootstrap.java:288)
	at org.apache.catalina.startup.Bootstrap.main(Bootstrap.java:413)
06-jun-2011 9:04:37 org.apache.catalina.session.StandardSession writeObject
ADVERTENCIA: No puedo serializar atributo de sesiï¿?n IdiomasDisponibles para sesiï¿?n 6CD4FAFE2427B3BC44B78412E586365F
java.io.NotSerializableException: ieci.tecdoc.sgm.core.services.idioma.Idioma
	at java.io.ObjectOutputStream.writeObject0(ObjectOutputStream.java:1081)
	at java.io.ObjectOutputStream.writeObject(ObjectOutputStream.java:302)
	at java.util.ArrayList.writeObject(ArrayList.java:569)
	at sun.reflect.NativeMethodAccessorImpl.invoke0(Native Method)
	at sun.reflect.NativeMethodAccessorImpl.invoke(NativeMethodAccessorImpl.java:39)
	at sun.reflect.DelegatingMethodAccessorImpl.invoke(DelegatingMethodAccessorImpl.java:25)
	at java.lang.reflect.Method.invoke(Method.java:585)
	at java.io.ObjectStreamClass.invokeWriteObject(ObjectStreamClass.java:917)
	at java.io.ObjectOutputStream.writeSerialData(ObjectOutputStream.java:1339)
	at java.io.ObjectOutputStream.writeOrdinaryObject(ObjectOutputStream.java:1290)
	at java.io.ObjectOutputStream.writeObject0(ObjectOutputStream.java:1079)
	at java.io.ObjectOutputStream.writeObject(ObjectOutputStream.java:302)
	at org.apache.catalina.session.StandardSession.writeObject(StandardSession.java:1517)
	at org.apache.catalina.session.StandardSession.writeObjectData(StandardSession.java:959)
	at org.apache.catalina.session.StandardManager.doUnload(StandardManager.java:517)
	at org.apache.catalina.session.StandardManager.unload(StandardManager.java:463)
	at org.apache.catalina.session.StandardManager.stop(StandardManager.java:667)
	at org.apache.catalina.core.StandardContext.stop(StandardContext.java:4519)
	at org.apache.catalina.core.ContainerBase.stop(ContainerBase.java:1098)
	at org.apache.catalina.core.ContainerBase.stop(ContainerBase.java:1098)
	at org.apache.catalina.core.StandardEngine.stop(StandardEngine.java:448)
	at org.apache.catalina.core.StandardService.stop(StandardService.java:584)
	at org.apache.catalina.core.StandardServer.stop(StandardServer.java:744)
	at org.apache.catalina.startup.Catalina.stop(Catalina.java:628)
	at org.apache.catalina.startup.Catalina.start(Catalina.java:603)
	at sun.reflect.NativeMethodAccessorImpl.invoke0(Native Method)
	at sun.reflect.NativeMethodAccessorImpl.invoke(NativeMethodAccessorImpl.java:39)
	at sun.reflect.DelegatingMethodAccessorImpl.invoke(DelegatingMethodAccessorImpl.java:25)
	at java.lang.reflect.Method.invoke(Method.java:585)
	at org.apache.catalina.startup.Bootstrap.start(Bootstrap.java:288)
	at org.apache.catalina.startup.Bootstrap.main(Bootstrap.java:413)
06-jun-2011 9:04:37 org.apache.catalina.session.StandardSession writeObject
ADVERTENCIA: No puedo serializar atributo de sesiï¿?n IdiomasDisponibles para sesiï¿?n 5583B2F259149851CBCC0950CE5FEAFC
java.io.NotSerializableException: ieci.tecdoc.sgm.core.services.idioma.Idioma
	at java.io.ObjectOutputStream.writeObject0(ObjectOutputStream.java:1081)
	at java.io.ObjectOutputStream.writeObject(ObjectOutputStream.java:302)
	at java.util.ArrayList.writeObject(ArrayList.java:569)
	at sun.reflect.NativeMethodAccessorImpl.invoke0(Native Method)
	at sun.reflect.NativeMethodAccessorImpl.invoke(NativeMethodAccessorImpl.java:39)
	at sun.reflect.DelegatingMethodAccessorImpl.invoke(DelegatingMethodAccessorImpl.java:25)
	at java.lang.reflect.Method.invoke(Method.java:585)
	at java.io.ObjectStreamClass.invokeWriteObject(ObjectStreamClass.java:917)
	at java.io.ObjectOutputStream.writeSerialData(ObjectOutputStream.java:1339)
	at java.io.ObjectOutputStream.writeOrdinaryObject(ObjectOutputStream.java:1290)
	at java.io.ObjectOutputStream.writeObject0(ObjectOutputStream.java:1079)
	at java.io.ObjectOutputStream.writeObject(ObjectOutputStream.java:302)
	at org.apache.catalina.session.StandardSession.writeObject(StandardSession.java:1517)
	at org.apache.catalina.session.StandardSession.writeObjectData(StandardSession.java:959)
	at org.apache.catalina.session.StandardManager.doUnload(StandardManager.java:517)
	at org.apache.catalina.session.StandardManager.unload(StandardManager.java:463)
	at org.apache.catalina.session.StandardManager.stop(StandardManager.java:667)
	at org.apache.catalina.core.StandardContext.stop(StandardContext.java:4519)
	at org.apache.catalina.core.ContainerBase.stop(ContainerBase.java:1098)
	at org.apache.catalina.core.ContainerBase.stop(ContainerBase.java:1098)
	at org.apache.catalina.core.StandardEngine.stop(StandardEngine.java:448)
	at org.apache.catalina.core.StandardService.stop(StandardService.java:584)
	at org.apache.catalina.core.StandardServer.stop(StandardServer.java:744)
	at org.apache.catalina.startup.Catalina.stop(Catalina.java:628)
	at org.apache.catalina.startup.Catalina.start(Catalina.java:603)
	at sun.reflect.NativeMethodAccessorImpl.invoke0(Native Method)
	at sun.reflect.NativeMethodAccessorImpl.invoke(NativeMethodAccessorImpl.java:39)
	at sun.reflect.DelegatingMethodAccessorImpl.invoke(DelegatingMethodAccessorImpl.java:25)
	at java.lang.reflect.Method.invoke(Method.java:585)
	at org.apache.catalina.startup.Bootstrap.start(Bootstrap.java:288)
	at org.apache.catalina.startup.Bootstrap.main(Bootstrap.java:413)
06-jun-2011 9:04:39 org.apache.catalina.session.StandardSession writeObject
ADVERTENCIA: No puedo serializar atributo de sesiï¿?n IdiomasDisponibles para sesiï¿?n 9C4ABD047E29AC537339833C67B695AB
java.io.NotSerializableException: ieci.tecdoc.sgm.core.services.idioma.Idioma
	at java.io.ObjectOutputStream.writeObject0(ObjectOutputStream.java:1081)
	at java.io.ObjectOutputStream.writeObject(ObjectOutputStream.java:302)
	at java.util.ArrayList.writeObject(ArrayList.java:569)
	at sun.reflect.NativeMethodAccessorImpl.invoke0(Native Method)
	at sun.reflect.NativeMethodAccessorImpl.invoke(NativeMethodAccessorImpl.java:39)
	at sun.reflect.DelegatingMethodAccessorImpl.invoke(DelegatingMethodAccessorImpl.java:25)
	at java.lang.reflect.Method.invoke(Method.java:585)
	at java.io.ObjectStreamClass.invokeWriteObject(ObjectStreamClass.java:917)
	at java.io.ObjectOutputStream.writeSerialData(ObjectOutputStream.java:1339)
	at java.io.ObjectOutputStream.writeOrdinaryObject(ObjectOutputStream.java:1290)
	at java.io.ObjectOutputStream.writeObject0(ObjectOutputStream.java:1079)
	at java.io.ObjectOutputStream.writeObject(ObjectOutputStream.java:302)
	at org.apache.catalina.session.StandardSession.writeObject(StandardSession.java:1517)
	at org.apache.catalina.session.StandardSession.writeObjectData(StandardSession.java:959)
	at org.apache.catalina.session.StandardManager.doUnload(StandardManager.java:517)
	at org.apache.catalina.session.StandardManager.unload(StandardManager.java:463)
	at org.apache.catalina.session.StandardManager.stop(StandardManager.java:667)
	at org.apache.catalina.core.StandardContext.stop(StandardContext.java:4519)
	at org.apache.catalina.core.ContainerBase.stop(ContainerBase.java:1098)
	at org.apache.catalina.core.ContainerBase.stop(ContainerBase.java:1098)
	at org.apache.catalina.core.StandardEngine.stop(StandardEngine.java:448)
	at org.apache.catalina.core.StandardService.stop(StandardService.java:584)
	at org.apache.catalina.core.StandardServer.stop(StandardServer.java:744)
	at org.apache.catalina.startup.Catalina.stop(Catalina.java:628)
	at org.apache.catalina.startup.Catalina.start(Catalina.java:603)
	at sun.reflect.NativeMethodAccessorImpl.invoke0(Native Method)
	at sun.reflect.NativeMethodAccessorImpl.invoke(NativeMethodAccessorImpl.java:39)
	at sun.reflect.DelegatingMethodAccessorImpl.invoke(DelegatingMethodAccessorImpl.java:25)
	at java.lang.reflect.Method.invoke(Method.java:585)
	at org.apache.catalina.startup.Bootstrap.start(Bootstrap.java:288)
	at org.apache.catalina.startup.Bootstrap.main(Bootstrap.java:413)
06-jun-2011 9:06:16 org.apache.catalina.core.ApplicationContext log
INFO: ContextListener: contextInitialized()
06-jun-2011 9:06:16 org.apache.catalina.core.ApplicationContext log
INFO: SessionListener: contextInitialized()
06-jun-2011 9:13:10 org.apache.catalina.core.ApplicationContext log
INFO: ContextListener: contextInitialized()
06-jun-2011 9:13:10 org.apache.catalina.core.ApplicationContext log
INFO: SessionListener: contextInitialized()
06-jun-2011 9:21:22 org.apache.catalina.core.ApplicationContext log
INFO: ContextListener: contextInitialized()
06-jun-2011 9:21:22 org.apache.catalina.core.ApplicationContext log
INFO: SessionListener: contextInitialized()
06-jun-2011 9:32:34 org.apache.catalina.session.StandardSession writeObject
ADVERTENCIA: No puedo serializar atributo de sesiï¿?n IdiomasDisponibles para sesiï¿?n 255EED6CFB6AE9DA2D6D0438B8E1ABCF
java.io.NotSerializableException: ieci.tecdoc.sgm.core.services.idioma.Idioma
	at java.io.ObjectOutputStream.writeObject0(ObjectOutputStream.java:1081)
	at java.io.ObjectOutputStream.writeObject(ObjectOutputStream.java:302)
	at java.util.ArrayList.writeObject(ArrayList.java:569)
	at sun.reflect.NativeMethodAccessorImpl.invoke0(Native Method)
	at sun.reflect.NativeMethodAccessorImpl.invoke(NativeMethodAccessorImpl.java:39)
	at sun.reflect.DelegatingMethodAccessorImpl.invoke(DelegatingMethodAccessorImpl.java:25)
	at java.lang.reflect.Method.invoke(Method.java:585)
	at java.io.ObjectStreamClass.invokeWriteObject(ObjectStreamClass.java:917)
	at java.io.ObjectOutputStream.writeSerialData(ObjectOutputStream.java:1339)
	at java.io.ObjectOutputStream.writeOrdinaryObject(ObjectOutputStream.java:1290)
	at java.io.ObjectOutputStream.writeObject0(ObjectOutputStream.java:1079)
	at java.io.ObjectOutputStream.writeObject(ObjectOutputStream.java:302)
	at org.apache.catalina.session.StandardSession.writeObject(StandardSession.java:1517)
	at org.apache.catalina.session.StandardSession.writeObjectData(StandardSession.java:959)
	at org.apache.catalina.session.StandardManager.doUnload(StandardManager.java:517)
	at org.apache.catalina.session.StandardManager.unload(StandardManager.java:463)
	at org.apache.catalina.session.StandardManager.stop(StandardManager.java:667)
	at org.apache.catalina.core.StandardContext.stop(StandardContext.java:4519)
	at org.apache.catalina.core.StandardContext.reload(StandardContext.java:3093)
	at org.apache.catalina.loader.WebappLoader.backgroundProcess(WebappLoader.java:404)
	at org.apache.catalina.core.ContainerBase.backgroundProcess(ContainerBase.java:1309)
	at org.apache.catalina.core.ContainerBase$ContainerBackgroundProcessor.processChildren(ContainerBase.java:1601)
	at org.apache.catalina.core.ContainerBase$ContainerBackgroundProcessor.processChildren(ContainerBase.java:1610)
	at org.apache.catalina.core.ContainerBase$ContainerBackgroundProcessor.processChildren(ContainerBase.java:1610)
	at org.apache.catalina.core.ContainerBase$ContainerBackgroundProcessor.run(ContainerBase.java:1590)
	at java.lang.Thread.run(Thread.java:595)
06-jun-2011 9:45:50 org.apache.catalina.session.StandardSession writeObject
ADVERTENCIA: No puedo serializar atributo de sesiï¿?n IdiomasDisponibles para sesiï¿?n 637A54F53D5A3C4EEB1D9B96B2DBECC1
java.io.NotSerializableException: ieci.tecdoc.sgm.core.services.idioma.Idioma
	at java.io.ObjectOutputStream.writeObject0(ObjectOutputStream.java:1081)
	at java.io.ObjectOutputStream.writeObject(ObjectOutputStream.java:302)
	at java.util.ArrayList.writeObject(ArrayList.java:569)
	at sun.reflect.NativeMethodAccessorImpl.invoke0(Native Method)
	at sun.reflect.NativeMethodAccessorImpl.invoke(NativeMethodAccessorImpl.java:39)
	at sun.reflect.DelegatingMethodAccessorImpl.invoke(DelegatingMethodAccessorImpl.java:25)
	at java.lang.reflect.Method.invoke(Method.java:585)
	at java.io.ObjectStreamClass.invokeWriteObject(ObjectStreamClass.java:917)
	at java.io.ObjectOutputStream.writeSerialData(ObjectOutputStream.java:1339)
	at java.io.ObjectOutputStream.writeOrdinaryObject(ObjectOutputStream.java:1290)
	at java.io.ObjectOutputStream.writeObject0(ObjectOutputStream.java:1079)
	at java.io.ObjectOutputStream.writeObject(ObjectOutputStream.java:302)
	at org.apache.catalina.session.StandardSession.writeObject(StandardSession.java:1517)
	at org.apache.catalina.session.StandardSession.writeObjectData(StandardSession.java:959)
	at org.apache.catalina.session.StandardManager.doUnload(StandardManager.java:517)
	at org.apache.catalina.session.StandardManager.unload(StandardManager.java:463)
	at org.apache.catalina.session.StandardManager.stop(StandardManager.java:667)
	at org.apache.catalina.core.StandardContext.stop(StandardContext.java:4519)
	at org.apache.catalina.core.StandardContext.reload(StandardContext.java:3093)
	at org.apache.catalina.loader.WebappLoader.backgroundProcess(WebappLoader.java:404)
	at org.apache.catalina.core.ContainerBase.backgroundProcess(ContainerBase.java:1309)
	at org.apache.catalina.core.ContainerBase$ContainerBackgroundProcessor.processChildren(ContainerBase.java:1601)
	at org.apache.catalina.core.ContainerBase$ContainerBackgroundProcessor.processChildren(ContainerBase.java:1610)
	at org.apache.catalina.core.ContainerBase$ContainerBackgroundProcessor.processChildren(ContainerBase.java:1610)
	at org.apache.catalina.core.ContainerBase$ContainerBackgroundProcessor.run(ContainerBase.java:1590)
	at java.lang.Thread.run(Thread.java:595)
06-jun-2011 9:51:26 org.apache.catalina.session.StandardSession writeObject
ADVERTENCIA: No puedo serializar atributo de sesiï¿?n IdiomasDisponibles para sesiï¿?n EECC3D37869FB72CE2ADAA585A72811E
java.io.NotSerializableException: ieci.tecdoc.sgm.core.services.idioma.Idioma
	at java.io.ObjectOutputStream.writeObject0(ObjectOutputStream.java:1081)
	at java.io.ObjectOutputStream.writeObject(ObjectOutputStream.java:302)
	at java.util.ArrayList.writeObject(ArrayList.java:569)
	at sun.reflect.NativeMethodAccessorImpl.invoke0(Native Method)
	at sun.reflect.NativeMethodAccessorImpl.invoke(NativeMethodAccessorImpl.java:39)
	at sun.reflect.DelegatingMethodAccessorImpl.invoke(DelegatingMethodAccessorImpl.java:25)
	at java.lang.reflect.Method.invoke(Method.java:585)
	at java.io.ObjectStreamClass.invokeWriteObject(ObjectStreamClass.java:917)
	at java.io.ObjectOutputStream.writeSerialData(ObjectOutputStream.java:1339)
	at java.io.ObjectOutputStream.writeOrdinaryObject(ObjectOutputStream.java:1290)
	at java.io.ObjectOutputStream.writeObject0(ObjectOutputStream.java:1079)
	at java.io.ObjectOutputStream.writeObject(ObjectOutputStream.java:302)
	at org.apache.catalina.session.StandardSession.writeObject(StandardSession.java:1517)
	at org.apache.catalina.session.StandardSession.writeObjectData(StandardSession.java:959)
	at org.apache.catalina.session.StandardManager.doUnload(StandardManager.java:517)
	at org.apache.catalina.session.StandardManager.unload(StandardManager.java:463)
	at org.apache.catalina.session.StandardManager.stop(StandardManager.java:667)
	at org.apache.catalina.core.StandardContext.stop(StandardContext.java:4519)
	at org.apache.catalina.core.StandardContext.reload(StandardContext.java:3093)
	at org.apache.catalina.loader.WebappLoader.backgroundProcess(WebappLoader.java:404)
	at org.apache.catalina.core.ContainerBase.backgroundProcess(ContainerBase.java:1309)
	at org.apache.catalina.core.ContainerBase$ContainerBackgroundProcessor.processChildren(ContainerBase.java:1601)
	at org.apache.catalina.core.ContainerBase$ContainerBackgroundProcessor.processChildren(ContainerBase.java:1610)
	at org.apache.catalina.core.ContainerBase$ContainerBackgroundProcessor.processChildren(ContainerBase.java:1610)
	at org.apache.catalina.core.ContainerBase$ContainerBackgroundProcessor.run(ContainerBase.java:1590)
	at java.lang.Thread.run(Thread.java:595)
06-jun-2011 10:13:45 org.apache.catalina.session.StandardSession writeObject
ADVERTENCIA: No puedo serializar atributo de sesiï¿?n IdiomasDisponibles para sesiï¿?n 84D3F33C04D6754EDBD088282A083B91
java.io.NotSerializableException: ieci.tecdoc.sgm.core.services.idioma.Idioma
	at java.io.ObjectOutputStream.writeObject0(ObjectOutputStream.java:1081)
	at java.io.ObjectOutputStream.writeObject(ObjectOutputStream.java:302)
	at java.util.ArrayList.writeObject(ArrayList.java:569)
	at sun.reflect.NativeMethodAccessorImpl.invoke0(Native Method)
	at sun.reflect.NativeMethodAccessorImpl.invoke(NativeMethodAccessorImpl.java:39)
	at sun.reflect.DelegatingMethodAccessorImpl.invoke(DelegatingMethodAccessorImpl.java:25)
	at java.lang.reflect.Method.invoke(Method.java:585)
	at java.io.ObjectStreamClass.invokeWriteObject(ObjectStreamClass.java:917)
	at java.io.ObjectOutputStream.writeSerialData(ObjectOutputStream.java:1339)
	at java.io.ObjectOutputStream.writeOrdinaryObject(ObjectOutputStream.java:1290)
	at java.io.ObjectOutputStream.writeObject0(ObjectOutputStream.java:1079)
	at java.io.ObjectOutputStream.writeObject(ObjectOutputStream.java:302)
	at org.apache.catalina.session.StandardSession.writeObject(StandardSession.java:1517)
	at org.apache.catalina.session.StandardSession.writeObjectData(StandardSession.java:959)
	at org.apache.catalina.session.StandardManager.doUnload(StandardManager.java:517)
	at org.apache.catalina.session.StandardManager.unload(StandardManager.java:463)
	at org.apache.catalina.session.StandardManager.stop(StandardManager.java:667)
	at org.apache.catalina.core.StandardContext.stop(StandardContext.java:4519)
	at org.apache.catalina.core.StandardContext.reload(StandardContext.java:3093)
	at org.apache.catalina.loader.WebappLoader.backgroundProcess(WebappLoader.java:404)
	at org.apache.catalina.core.ContainerBase.backgroundProcess(ContainerBase.java:1309)
	at org.apache.catalina.core.ContainerBase$ContainerBackgroundProcessor.processChildren(ContainerBase.java:1601)
	at org.apache.catalina.core.ContainerBase$ContainerBackgroundProcessor.processChildren(ContainerBase.java:1610)
	at org.apache.catalina.core.ContainerBase$ContainerBackgroundProcessor.processChildren(ContainerBase.java:1610)
	at org.apache.catalina.core.ContainerBase$ContainerBackgroundProcessor.run(ContainerBase.java:1590)
	at java.lang.Thread.run(Thread.java:595)
06-jun-2011 10:13:48 org.apache.catalina.core.StandardWrapperValve invoke
GRAVE: Servlet.service() para servlet ResourceDispatcherServlet lanzï¿? excepciï¿?n
java.lang.RuntimeException: Imposible cargar LocalizadorServicios.getServicioAdministracionSesionesBackOffice()
	at ieci.tecdoc.sgm.core.web.ResourceDispatcherServlet.getIdEntidad(ResourceDispatcherServlet.java:225)
	at ieci.tecdoc.sgm.core.web.ResourceDispatcherServlet.getSkinName(ResourceDispatcherServlet.java:196)
	at ieci.tecdoc.sgm.core.web.ResourceDispatcherServlet.getLocation(ResourceDispatcherServlet.java:146)
	at ieci.tecdoc.sgm.core.web.ResourceDispatcherServlet.doWork(ResourceDispatcherServlet.java:120)
	at ieci.tecdoc.sgm.core.web.ResourceDispatcherServlet.doGet(ResourceDispatcherServlet.java:115)
	at javax.servlet.http.HttpServlet.service(HttpServlet.java:617)
	at javax.servlet.http.HttpServlet.service(HttpServlet.java:717)
	at org.apache.catalina.core.ApplicationFilterChain.internalDoFilter(ApplicationFilterChain.java:290)
	at org.apache.catalina.core.ApplicationFilterChain.doFilter(ApplicationFilterChain.java:206)
	at org.apache.catalina.core.StandardWrapperValve.invoke(StandardWrapperValve.java:233)
	at org.apache.catalina.core.StandardContextValve.invoke(StandardContextValve.java:191)
	at org.apache.catalina.core.StandardHostValve.invoke(StandardHostValve.java:128)
	at org.apache.catalina.valves.ErrorReportValve.invoke(ErrorReportValve.java:102)
	at org.apache.catalina.core.StandardEngineValve.invoke(StandardEngineValve.java:109)
	at org.apache.catalina.connector.CoyoteAdapter.service(CoyoteAdapter.java:286)
	at org.apache.coyote.http11.Http11Processor.process(Http11Processor.java:845)
	at org.apache.coyote.http11.Http11Protocol$Http11ConnectionHandler.process(Http11Protocol.java:583)
	at org.apache.tomcat.util.net.JIoEndpoint$Worker.run(JIoEndpoint.java:447)
	at java.lang.Thread.run(Thread.java:595)
Caused by: ieci.tecdoc.sgm.core.exception.SigemException: Error inesperado {
 Error obteniendo instancia del bean: ADM_SESION_BKOFF_SERVICE_DEFAULT_IMPL
}
	at ieci.tecdoc.sgm.core.services.LocalizadorServicios.getServicioAdministracionSesionesBackOffice(LocalizadorServicios.java:112)
	at ieci.tecdoc.sgm.core.services.LocalizadorServicios.getServicioAdministracionSesionesBackOffice(LocalizadorServicios.java:95)
	at ieci.tecdoc.sgm.core.web.ResourceDispatcherServlet.getIdEntidad(ResourceDispatcherServlet.java:222)
	... 18 more
Caused by: java.lang.Exception: Error obteniendo instancia del bean: ADM_SESION_BKOFF_SERVICE_DEFAULT_IMPL
	at ieci.tecdoc.sgm.core.config.impl.spring.Config.getBean(Config.java:53)
	at ieci.tecdoc.sgm.core.services.LocalizadorServicios.getServicioAdministracionSesionesBackOffice(LocalizadorServicios.java:110)
	... 20 more
Caused by: org.springframework.beans.factory.CannotLoadBeanClassException: Cannot find class [ieci.tecdoc.sgm.sesiones.backoffice.ws.client.AdministracionSesionesBackOfficeWSRemoteClient] for bean with name 'SIGEM_ServicioAdministracionSesionesBackOffice.SIGEM.WEBSERVICE' defined in class path resource [SIGEM_spring.xml]; nested exception is java.lang.ClassNotFoundException: ieci.tecdoc.sgm.sesiones.backoffice.ws.client.AdministracionSesionesBackOfficeWSRemoteClient
	at org.springframework.beans.factory.support.AbstractBeanFactory.resolveBeanClass(AbstractBeanFactory.java:1078)
	at org.springframework.beans.factory.support.AbstractAutowireCapableBeanFactory.createBean(AbstractAutowireCapableBeanFactory.java:346)
	at org.springframework.beans.factory.support.AbstractBeanFactory$1.getObject(AbstractBeanFactory.java:251)
	at org.springframework.beans.factory.support.DefaultSingletonBeanRegistry.getSingleton(DefaultSingletonBeanRegistry.java:156)
	at org.springframework.beans.factory.support.AbstractBeanFactory.getBean(AbstractBeanFactory.java:248)
	at org.springframework.beans.factory.support.AbstractBeanFactory.getBean(AbstractBeanFactory.java:160)
	at org.springframework.context.support.AbstractApplicationContext.getBean(AbstractApplicationContext.java:733)
	at ieci.tecdoc.sgm.core.config.impl.spring.Config.getBean(Config.java:48)
	... 21 more
Caused by: java.lang.ClassNotFoundException: ieci.tecdoc.sgm.sesiones.backoffice.ws.client.AdministracionSesionesBackOfficeWSRemoteClient
	at org.apache.catalina.loader.WebappClassLoader.loadClass(WebappClassLoader.java:1387)
	at org.apache.catalina.loader.WebappClassLoader.loadClass(WebappClassLoader.java:1233)
	at org.springframework.util.ClassUtils.forName(ClassUtils.java:201)
	at org.springframework.beans.factory.support.AbstractBeanDefinition.resolveBeanClass(AbstractBeanDefinition.java:327)
	at org.springframework.beans.factory.support.AbstractBeanFactory.resolveBeanClass(AbstractBeanFactory.java:1075)
	... 28 more
06-jun-2011 10:44:42 org.apache.catalina.session.StandardSession writeObject
ADVERTENCIA: No puedo serializar atributo de sesiï¿?n IdiomasDisponibles para sesiï¿?n FA9090D6A873CADC3E25F13CE63F0B69
java.io.NotSerializableException: ieci.tecdoc.sgm.core.services.idioma.Idioma
	at java.io.ObjectOutputStream.writeObject0(ObjectOutputStream.java:1081)
	at java.io.ObjectOutputStream.writeObject(ObjectOutputStream.java:302)
	at java.util.ArrayList.writeObject(ArrayList.java:569)
	at sun.reflect.NativeMethodAccessorImpl.invoke0(Native Method)
	at sun.reflect.NativeMethodAccessorImpl.invoke(NativeMethodAccessorImpl.java:39)
	at sun.reflect.DelegatingMethodAccessorImpl.invoke(DelegatingMethodAccessorImpl.java:25)
	at java.lang.reflect.Method.invoke(Method.java:585)
	at java.io.ObjectStreamClass.invokeWriteObject(ObjectStreamClass.java:917)
	at java.io.ObjectOutputStream.writeSerialData(ObjectOutputStream.java:1339)
	at java.io.ObjectOutputStream.writeOrdinaryObject(ObjectOutputStream.java:1290)
	at java.io.ObjectOutputStream.writeObject0(ObjectOutputStream.java:1079)
	at java.io.ObjectOutputStream.writeObject(ObjectOutputStream.java:302)
	at org.apache.catalina.session.StandardSession.writeObject(StandardSession.java:1517)
	at org.apache.catalina.session.StandardSession.writeObjectData(StandardSession.java:959)
	at org.apache.catalina.session.StandardManager.doUnload(StandardManager.java:517)
	at org.apache.catalina.session.StandardManager.unload(StandardManager.java:463)
	at org.apache.catalina.session.StandardManager.stop(StandardManager.java:667)
	at org.apache.catalina.core.StandardContext.stop(StandardContext.java:4519)
	at org.apache.catalina.core.StandardContext.reload(StandardContext.java:3093)
	at org.apache.catalina.loader.WebappLoader.backgroundProcess(WebappLoader.java:404)
	at org.apache.catalina.core.ContainerBase.backgroundProcess(ContainerBase.java:1309)
	at org.apache.catalina.core.ContainerBase$ContainerBackgroundProcessor.processChildren(ContainerBase.java:1601)
	at org.apache.catalina.core.ContainerBase$ContainerBackgroundProcessor.processChildren(ContainerBase.java:1610)
	at org.apache.catalina.core.ContainerBase$ContainerBackgroundProcessor.processChildren(ContainerBase.java:1610)
	at org.apache.catalina.core.ContainerBase$ContainerBackgroundProcessor.run(ContainerBase.java:1590)
	at java.lang.Thread.run(Thread.java:595)
06-jun-2011 10:57:44 org.apache.catalina.session.StandardSession writeObject
ADVERTENCIA: No puedo serializar atributo de sesiï¿?n IdiomasDisponibles para sesiï¿?n B13B655C88C10AE95B5D554DBC7ACC3E
java.io.NotSerializableException: ieci.tecdoc.sgm.core.services.idioma.Idioma
	at java.io.ObjectOutputStream.writeObject0(ObjectOutputStream.java:1081)
	at java.io.ObjectOutputStream.writeObject(ObjectOutputStream.java:302)
	at java.util.ArrayList.writeObject(ArrayList.java:569)
	at sun.reflect.NativeMethodAccessorImpl.invoke0(Native Method)
	at sun.reflect.NativeMethodAccessorImpl.invoke(NativeMethodAccessorImpl.java:39)
	at sun.reflect.DelegatingMethodAccessorImpl.invoke(DelegatingMethodAccessorImpl.java:25)
	at java.lang.reflect.Method.invoke(Method.java:585)
	at java.io.ObjectStreamClass.invokeWriteObject(ObjectStreamClass.java:917)
	at java.io.ObjectOutputStream.writeSerialData(ObjectOutputStream.java:1339)
	at java.io.ObjectOutputStream.writeOrdinaryObject(ObjectOutputStream.java:1290)
	at java.io.ObjectOutputStream.writeObject0(ObjectOutputStream.java:1079)
	at java.io.ObjectOutputStream.writeObject(ObjectOutputStream.java:302)
	at org.apache.catalina.session.StandardSession.writeObject(StandardSession.java:1517)
	at org.apache.catalina.session.StandardSession.writeObjectData(StandardSession.java:959)
	at org.apache.catalina.session.StandardManager.doUnload(StandardManager.java:517)
	at org.apache.catalina.session.StandardManager.unload(StandardManager.java:463)
	at org.apache.catalina.session.StandardManager.stop(StandardManager.java:667)
	at org.apache.catalina.core.StandardContext.stop(StandardContext.java:4519)
	at org.apache.catalina.core.StandardContext.reload(StandardContext.java:3093)
	at org.apache.catalina.loader.WebappLoader.backgroundProcess(WebappLoader.java:404)
	at org.apache.catalina.core.ContainerBase.backgroundProcess(ContainerBase.java:1309)
	at org.apache.catalina.core.ContainerBase$ContainerBackgroundProcessor.processChildren(ContainerBase.java:1601)
	at org.apache.catalina.core.ContainerBase$ContainerBackgroundProcessor.processChildren(ContainerBase.java:1610)
	at org.apache.catalina.core.ContainerBase$ContainerBackgroundProcessor.processChildren(ContainerBase.java:1610)
	at org.apache.catalina.core.ContainerBase$ContainerBackgroundProcessor.run(ContainerBase.java:1590)
	at java.lang.Thread.run(Thread.java:595)
06-jun-2011 11:23:15 org.apache.catalina.session.StandardSession writeObject
ADVERTENCIA: No puedo serializar atributo de sesiï¿?n IdiomasDisponibles para sesiï¿?n 5CA7F40AFEFA49D7B1CA962068876F04
java.io.NotSerializableException: ieci.tecdoc.sgm.core.services.idioma.Idioma
	at java.io.ObjectOutputStream.writeObject0(ObjectOutputStream.java:1081)
	at java.io.ObjectOutputStream.writeObject(ObjectOutputStream.java:302)
	at java.util.ArrayList.writeObject(ArrayList.java:569)
	at sun.reflect.NativeMethodAccessorImpl.invoke0(Native Method)
	at sun.reflect.NativeMethodAccessorImpl.invoke(NativeMethodAccessorImpl.java:39)
	at sun.reflect.DelegatingMethodAccessorImpl.invoke(DelegatingMethodAccessorImpl.java:25)
	at java.lang.reflect.Method.invoke(Method.java:585)
	at java.io.ObjectStreamClass.invokeWriteObject(ObjectStreamClass.java:917)
	at java.io.ObjectOutputStream.writeSerialData(ObjectOutputStream.java:1339)
	at java.io.ObjectOutputStream.writeOrdinaryObject(ObjectOutputStream.java:1290)
	at java.io.ObjectOutputStream.writeObject0(ObjectOutputStream.java:1079)
	at java.io.ObjectOutputStream.writeObject(ObjectOutputStream.java:302)
	at org.apache.catalina.session.StandardSession.writeObject(StandardSession.java:1517)
	at org.apache.catalina.session.StandardSession.writeObjectData(StandardSession.java:959)
	at org.apache.catalina.session.StandardManager.doUnload(StandardManager.java:517)
	at org.apache.catalina.session.StandardManager.unload(StandardManager.java:463)
	at org.apache.catalina.session.StandardManager.stop(StandardManager.java:667)
	at org.apache.catalina.core.StandardContext.stop(StandardContext.java:4519)
	at org.apache.catalina.core.StandardContext.reload(StandardContext.java:3093)
	at org.apache.catalina.loader.WebappLoader.backgroundProcess(WebappLoader.java:404)
	at org.apache.catalina.core.ContainerBase.backgroundProcess(ContainerBase.java:1309)
	at org.apache.catalina.core.ContainerBase$ContainerBackgroundProcessor.processChildren(ContainerBase.java:1601)
	at org.apache.catalina.core.ContainerBase$ContainerBackgroundProcessor.processChildren(ContainerBase.java:1610)
	at org.apache.catalina.core.ContainerBase$ContainerBackgroundProcessor.processChildren(ContainerBase.java:1610)
	at org.apache.catalina.core.ContainerBase$ContainerBackgroundProcessor.run(ContainerBase.java:1590)
	at java.lang.Thread.run(Thread.java:595)
06-jun-2011 11:26:51 org.apache.catalina.core.ApplicationContext log
INFO: ContextListener: contextInitialized()
06-jun-2011 11:26:51 org.apache.catalina.core.ApplicationContext log
INFO: SessionListener: contextInitialized()
